  Tile.cpp
c:\users\simon.broborg\documents\github\gymnasiearbete\level creator - kopia\gymarb2016\tile.cpp(67): warning C4244: '+=': conversion from 'float' to 'int', possible loss of data
  Sprite.cpp
  Player.cpp
c:\users\simon.broborg\documents\github\gymnasiearbete\level creator - kopia\gymarb2016\player.cpp(57): warning C4244: '=': conversion from 'int' to 'float', possible loss of data
c:\users\simon.broborg\documents\github\gymnasiearbete\level creator - kopia\gymarb2016\player.cpp(58): warning C4244: '/=': conversion from 'float' to 'int', possible loss of data
c:\users\simon.broborg\documents\github\gymnasiearbete\level creator - kopia\gymarb2016\player.cpp(58): warning C4244: '=': conversion from 'int' to 'float', possible loss of data
c:\users\simon.broborg\documents\github\gymnasiearbete\level creator - kopia\gymarb2016\player.cpp(59): warning C4244: '/=': conversion from 'float' to 'int', possible loss of data
c:\users\simon.broborg\documents\github\gymnasiearbete\level creator - kopia\gymarb2016\player.cpp(59): warning C4244: '=': conversion from 'int' to 'float', possible loss of data
c:\users\simon.broborg\documents\github\gymnasiearbete\level creator - kopia\gymarb2016\player.cpp(90): warning C4244: '-=': conversion from 'double' to 'float', possible loss of data
c:\users\simon.broborg\documents\github\gymnasiearbete\level creator - kopia\gymarb2016\player.cpp(95): warning C4244: '+=': conversion from 'double' to 'float', possible loss of data
c:\users\simon.broborg\documents\github\gymnasiearbete\level creator - kopia\gymarb2016\player.cpp(102): warning C4244: '-=': conversion from 'double' to 'float', possible loss of data
c:\users\simon.broborg\documents\github\gymnasiearbete\level creator - kopia\gymarb2016\player.cpp(125): warning C4244: '+=': conversion from 'double' to 'float', possible loss of data
c:\users\simon.broborg\documents\github\gymnasiearbete\level creator - kopia\gymarb2016\player.cpp(131): warning C4244: '-=': conversion from 'double' to 'float', possible loss of data
c:\users\simon.broborg\documents\github\gymnasiearbete\level creator - kopia\gymarb2016\player.cpp(149): warning C4244: '=': conversion from 'int' to 'float', possible loss of data
c:\users\simon.broborg\documents\github\gymnasiearbete\level creator - kopia\gymarb2016\player.cpp(150): warning C4244: '=': conversion from 'int' to 'float', possible loss of data
c:\users\simon.broborg\documents\github\gymnasiearbete\level creator - kopia\gymarb2016\player.cpp(152): warning C4244: '+=': conversion from 'float' to 'int', possible loss of data
c:\users\simon.broborg\documents\github\gymnasiearbete\level creator - kopia\gymarb2016\player.cpp(155): warning C4244: '+=': conversion from 'float' to 'int', possible loss of data
c:\users\simon.broborg\documents\github\gymnasiearbete\level creator - kopia\gymarb2016\player.cpp(157): warning C4244: '+=': conversion from 'float' to 'int', possible loss of data
c:\users\simon.broborg\documents\github\gymnasiearbete\level creator - kopia\gymarb2016\player.cpp(159): warning C4244: '+=': conversion from 'double' to 'int', possible loss of data
  Menu.cpp
c:\users\simon.broborg\documents\github\gymnasiearbete\level creator - kopia\gymarb2016\menu.cpp(29): warning C4018: '<': signed/unsigned mismatch
  Manager.cpp
c:\users\simon.broborg\documents\github\gymnasiearbete\level creator - kopia\gymarb2016\manager.cpp(218): warning C4244: '=': conversion from 'Uint32' to 'float', possible loss of data
c:\users\simon.broborg\documents\github\gymnasiearbete\level creator - kopia\gymarb2016\manager.cpp(84): warning C4101: 'tempType': unreferenced local variable
c:\users\simon.broborg\documents\github\gymnasiearbete\level creator - kopia\gymarb2016\manager.cpp(568): warning C4244: 'return': conversion from 'const int' to 'float', possible loss of data
c:\users\simon.broborg\documents\github\gymnasiearbete\level creator - kopia\gymarb2016\manager.cpp(573): warning C4244: 'return': conversion from 'const int' to 'float', possible loss of data
  main.cpp
  Engine.cpp
  Circle.cpp
  Button.cpp
  Generating Code...
  GymArb2016.vcxproj -> C:\Users\Simon.Broborg\Documents\GitHub\Gymnasiearbete\Level creator - kopia\Debug\GymArb2016.exe
  GymArb2016.vcxproj -> C:\Users\Simon.Broborg\Documents\GitHub\Gymnasiearbete\Level creator - kopia\Debug\GymArb2016.pdb (Partial PDB)
