  main.cpp
d:\users\simon\github\gymnasiearbete\gymarbpuzzlegame\gymarb2016\player.h(21): error C2504: 'Entity': base class undefined
  WorldManager.cpp
d:\users\simon\github\gymnasiearbete\gymarbpuzzlegame\gymarb2016\worldmanager.cpp(32): warning C4018: '<': signed/unsigned mismatch
  Tile.cpp
d:\users\simon\github\gymnasiearbete\gymarbpuzzlegame\gymarb2016\player.h(21): error C2504: 'Entity': base class undefined
d:\users\simon\github\gymnasiearbete\gymarbpuzzlegame\gymarb2016\tile.cpp(72): warning C4244: '+=': conversion from 'float' to 'int', possible loss of data
  Player.cpp
d:\users\simon\github\gymnasiearbete\gymarbpuzzlegame\gymarb2016\tile.h(15): error C2504: 'Entity': base class undefined
d:\users\simon\github\gymnasiearbete\gymarbpuzzlegame\gymarb2016\player.cpp(57): warning C4244: '=': conversion from 'int' to 'float', possible loss of data
d:\users\simon\github\gymnasiearbete\gymarbpuzzlegame\gymarb2016\player.cpp(58): warning C4244: '=': conversion from 'int' to 'float', possible loss of data
d:\users\simon\github\gymnasiearbete\gymarbpuzzlegame\gymarb2016\player.cpp(59): warning C4244: '=': conversion from 'int' to 'float', possible loss of data
d:\users\simon\github\gymnasiearbete\gymarbpuzzlegame\gymarb2016\player.cpp(90): warning C4244: '-=': conversion from 'double' to 'float', possible loss of data
d:\users\simon\github\gymnasiearbete\gymarbpuzzlegame\gymarb2016\player.cpp(95): warning C4244: '+=': conversion from 'double' to 'float', possible loss of data
d:\users\simon\github\gymnasiearbete\gymarbpuzzlegame\gymarb2016\player.cpp(102): warning C4244: '-=': conversion from 'double' to 'float', possible loss of data
d:\users\simon\github\gymnasiearbete\gymarbpuzzlegame\gymarb2016\player.cpp(109): warning C4244: '-=': conversion from 'double' to 'float', possible loss of data
d:\users\simon\github\gymnasiearbete\gymarbpuzzlegame\gymarb2016\player.cpp(131): warning C4244: '+=': conversion from 'double' to 'float', possible loss of data
d:\users\simon\github\gymnasiearbete\gymarbpuzzlegame\gymarb2016\player.cpp(137): warning C4244: '-=': conversion from 'double' to 'float', possible loss of data
d:\users\simon\github\gymnasiearbete\gymarbpuzzlegame\gymarb2016\player.cpp(157): warning C4244: '=': conversion from 'int' to 'float', possible loss of data
d:\users\simon\github\gymnasiearbete\gymarbpuzzlegame\gymarb2016\player.cpp(158): warning C4244: '=': conversion from 'int' to 'float', possible loss of data
d:\users\simon\github\gymnasiearbete\gymarbpuzzlegame\gymarb2016\player.cpp(160): warning C4244: '+=': conversion from 'float' to 'int', possible loss of data
d:\users\simon\github\gymnasiearbete\gymarbpuzzlegame\gymarb2016\player.cpp(162): warning C4244: '+=': conversion from 'float' to 'int', possible loss of data
d:\users\simon\github\gymnasiearbete\gymarbpuzzlegame\gymarb2016\player.cpp(163): warning C4244: '+=': conversion from 'float' to 'int', possible loss of data
d:\users\simon\github\gymnasiearbete\gymarbpuzzlegame\gymarb2016\player.cpp(217): warning C4244: '=': conversion from 'float' to 'int', possible loss of data
d:\users\simon\github\gymnasiearbete\gymarbpuzzlegame\gymarb2016\player.cpp(228): warning C4244: '=': conversion from 'float' to 'int', possible loss of data
d:\users\simon\github\gymnasiearbete\gymarbpuzzlegame\gymarb2016\player.cpp(240): warning C4244: '-=': conversion from 'double' to 'float', possible loss of data
  Manager.cpp
d:\users\simon\github\gymnasiearbete\gymarbpuzzlegame\gymarb2016\player.h(21): error C2504: 'Entity': base class undefined
d:\users\simon\github\gymnasiearbete\gymarbpuzzlegame\gymarb2016\manager.cpp(324): warning C4244: 'return': conversion from 'const int' to 'float', possible loss of data
d:\users\simon\github\gymnasiearbete\gymarbpuzzlegame\gymarb2016\manager.cpp(329): warning C4244: 'return': conversion from 'const int' to 'float', possible loss of data
  Entity.cpp
d:\users\simon\github\gymnasiearbete\gymarbpuzzlegame\gymarb2016\player.h(21): error C2504: 'Entity': base class undefined
d:\users\simon\github\gymnasiearbete\gymarbpuzzlegame\gymarb2016\tile.h(15): error C2504: 'Entity': base class undefined
  Generating Code...
